<?xml version="1.0" encoding="UTF-8"?>
<testng-results ignored="0" total="2" passed="2" failed="0" skipped="0">
  <reporter-output>
  </reporter-output>
  <suite started-at="2020-12-23T14:00:17 PET" name="main.java.BlockudokuTest" finished-at="2020-12-23T14:00:17 PET" duration-ms="87">
    <groups>
    </groups>
    <test started-at="2020-12-23T14:00:17 PET" name="Command line test" finished-at="2020-12-23T14:00:17 PET" duration-ms="87">
      <class name="main.java.BlockudokuTest">
        <test-method signature="testCase0()[pri:0, instance:main.java.BlockudokuTest@2bbf4b8b]" started-at="2020-12-23T14:00:17 PET" name="testCase0" finished-at="2020-12-23T14:00:17 PET" duration-ms="49" status="PASS">
          <reporter-output>
          </reporter-output>
        </test-method> <!-- testCase0 -->
        <test-method signature="testCase1()[pri:0, instance:main.java.BlockudokuTest@2bbf4b8b]" started-at="2020-12-23T14:00:17 PET" name="testCase1" finished-at="2020-12-23T14:00:17 PET" duration-ms="4" status="PASS">
          <reporter-output>
          </reporter-output>
        </test-method> <!-- testCase1 -->
      </class> <!-- main.java.BlockudokuTest -->
    </test> <!-- Command line test -->
  </suite> <!-- main.java.BlockudokuTest -->
</testng-results>
