<?xml version="1.0" encoding="UTF-8"?>
<testng-results ignored="0" total="1" passed="1" failed="0" skipped="0">
  <reporter-output>
  </reporter-output>
  <suite started-at="2020-12-23T12:51:59 PET" name="main.java.BlockudokuTest" finished-at="2020-12-23T12:51:59 PET" duration-ms="41">
    <groups>
    </groups>
    <test started-at="2020-12-23T12:51:59 PET" name="Command line test" finished-at="2020-12-23T12:51:59 PET" duration-ms="41">
      <class name="main.java.BlockudokuTest">
        <test-method signature="testCase0()[pri:0, instance:main.java.BlockudokuTest@1563da5]" started-at="2020-12-23T12:51:59 PET" name="testCase0" finished-at="2020-12-23T12:51:59 PET" duration-ms="21" status="PASS">
          <reporter-output>
          </reporter-output>
        </test-method> <!-- testCase0 -->
      </class> <!-- main.java.BlockudokuTest -->
    </test> <!-- Command line test -->
  </suite> <!-- main.java.BlockudokuTest -->
</testng-results>
